<?xml version="1.0" encoding="UTF-8"?>
<!DOCTYPE properties SYSTEM "http://java.sun.com/dtd/properties.dtd">
<properties version="1.0">
    <comment>Sample test run arguments</comment>
    <entry key="iut">file:///Users/gobehobona/Downloads/test1/TrainingDML-AI_SWG-main/use-cases/examples/1.0/WHU-RS19-quality.json</entry>
    <entry key="ics">class-A,class-B</entry>
</properties>
